<?xml version="1.0" encoding="UTF-8"?>
<testsuite xmlns:xsi="http://www.w3.org/2001/XMLSchema-instance" xsi:noNamespaceSchemaLocation="https://maven.apache.org/surefire/maven-surefire-plugin/xsd/surefire-test-report-3.0.xsd" version="3.0" name="LoginTest" time="0.062" tests="2" errors="0" skipped="0" failures="0">
  <properties>
    <property name="java.specification.version" value="17"/>
    <property name="sun.cpu.isalist" value="amd64"/>
    <property name="sun.jnu.encoding" value="Cp1252"/>
    <property name="java.class.path" value="C:\Users\sudan\OneDrive\Desktop\Y\CSI3025 - Application Development and Deployment Architecture-LAB\login-proj\login\target\test-classes;C:\Users\sudan\OneDrive\Desktop\Y\CSI3025 - Application Development and Deployment Architecture-LAB\login-proj\login\target\classes;C:\Users\sudan\.m2\repository\junit\junit\4.13.2\junit-4.13.2.jar;C:\Users\sudan\.m2\repository\org\hamcrest\hamcrest-core\1.3\hamcrest-core-1.3.jar;"/>
    <property name="java.vm.vendor" value="Oracle Corporation"/>
    <property name="sun.arch.data.model" value="64"/>
    <property name="user.variant" value=""/>
    <property name="java.vendor.url" value="https://java.oracle.com/"/>
    <property name="user.timezone" value="Asia/Calcutta"/>
    <property name="os.name" value="Windows 10"/>
    <property name="java.vm.specification.version" value="17"/>
    <property name="sun.java.launcher" value="SUN_STANDARD"/>
    <property name="user.country" value="IN"/>
    <property name="sun.boot.library.path" value="C:\Program Files\Java\jdk-17.0.2\bin"/>
    <property name="sun.java.command" value="C:\Users\sudan\AppData\Local\Temp\surefire12456075749250431703\surefirebooter-20231031180853045_3.jar C:\Users\sudan\AppData\Local\Temp\surefire12456075749250431703 2023-10-31T18-08-52_907-jvmRun1 surefire-20231031180853045_1tmp surefire_0-20231031180853045_2tmp"/>
    <property name="jdk.debug" value="release"/>
    <property name="surefire.test.class.path" value="C:\Users\sudan\OneDrive\Desktop\Y\CSI3025 - Application Development and Deployment Architecture-LAB\login-proj\login\target\test-classes;C:\Users\sudan\OneDrive\Desktop\Y\CSI3025 - Application Development and Deployment Architecture-LAB\login-proj\login\target\classes;C:\Users\sudan\.m2\repository\junit\junit\4.13.2\junit-4.13.2.jar;C:\Users\sudan\.m2\repository\org\hamcrest\hamcrest-core\1.3\hamcrest-core-1.3.jar;"/>
    <property name="sun.cpu.endian" value="little"/>
    <property name="user.home" value="C:\Users\sudan"/>
    <property name="user.language" value="en"/>
    <property name="java.specification.vendor" value="Oracle Corporation"/>
    <property name="java.version.date" value="2022-01-18"/>
    <property name="java.home" value="C:\Program Files\Java\jdk-17.0.2"/>
    <property name="file.separator" value="\"/>
    <property name="style.color" value="always"/>
    <property name="basedir" value="C:\Users\sudan\OneDrive\Desktop\Y\CSI3025 - Application Development and Deployment Architecture-LAB\login-proj\login"/>
    <property name="java.vm.compressedOopsMode" value="Zero based"/>
    <property name="line.separator" value="&#10;"/>
    <property name="java.vm.specification.vendor" value="Oracle Corporation"/>
    <property name="java.specification.name" value="Java Platform API Specification"/>
    <property name="surefire.real.class.path" value="C:\Users\sudan\AppData\Local\Temp\surefire12456075749250431703\surefirebooter-20231031180853045_3.jar"/>
    <property name="user.script" value=""/>
    <property name="sun.management.compiler" value="HotSpot 64-Bit Tiered Compilers"/>
    <property name="java.runtime.version" value="17.0.2+8-LTS-86"/>
    <property name="user.name" value="sudan"/>
    <property name="path.separator" value=";"/>
    <property name="os.version" value="10.0"/>
    <property name="java.runtime.name" value="Java(TM) SE Runtime Environment"/>
    <property name="file.encoding" value="Cp1252"/>
    <property name="java.vm.name" value="Java HotSpot(TM) 64-Bit Server VM"/>
    <property name="localRepository" value="C:\Users\sudan\.m2\repository"/>
    <property name="java.vendor.url.bug" value="https://bugreport.java.com/bugreport/"/>
    <property name="java.io.tmpdir" value="C:\Users\sudan\AppData\Local\Temp\"/>
    <property name="java.version" value="17.0.2"/>
    <property name="user.dir" value="C:\Users\sudan\OneDrive\Desktop\Y\CSI3025 - Application Development and Deployment Architecture-LAB\login-proj\login"/>
    <property name="os.arch" value="amd64"/>
    <property name="java.vm.specification.name" value="Java Virtual Machine Specification"/>
    <property name="sun.os.patch.level" value=""/>
    <property name="native.encoding" value="Cp1252"/>
    <property name="java.library.path" value="C:\Program Files\Java\jdk-17.0.2\bin;C:\WINDOWS\Sun\Java\bin;C:\WINDOWS\system32;C:\WINDOWS;C:\Program Files (x86)\Common Files\Intel\Shared Libraries\redist\intel64\compiler;C:\Users\sudan\Python\Python310\Scripts\;C:\Users\sudan\Python\Python310\;C:\WINDOWS\system32;C:\WINDOWS;C:\WINDOWS\System32\Wbem;C:\WINDOWS\System32\WindowsPowerShell\v1.0\;C:\WINDOWS\System32\OpenSSH\;C:\Program Files (x86)\NVIDIA Corporation\PhysX\Common;C:\Program Files\NVIDIA Corporation\NVIDIA NvDLISR;C:\Program Files\Java\jdk-17.0.1\bin;D:\msys2\mingw64\bin;C:\Users\sudan\Python\Python310;C:\Program Files\Common Files\Oracle\Java\javapath;C:\Program Files (x86)\Common Files\Oracle\Java\javapath;C:\Program Files (x86)\dotnet\;C:\Program Files\dotnet\;C:\ProgramData\chocolatey\bin;C:\Program Files\nodejs\;C:\Program Files\MySQL\MySQL Server 8.0\bin;C:\Program Files\Git\cmd;C:\Program Files\Docker\Docker\resources\bin;C:\Users\sudan\Python\Python310\Scripts\;C:\Users\sudan\Python\Python310\;C:\Users\sudan\AppData\Local\Microsoft\WindowsApps;D:\pycharm\PyCharm Community Edition 2021.3.1\bin;C:\Program Files\JetBrains\IntelliJ IDEA Community Edition 2021.3.1\bin;D:\vs coad\Microsoft VS Code\bin;C:\Users\sudan\AppData\Local\GitHubDesktop\bin;D:\flutter\flutter\bin;C:\Users\sudan\AppData\Local\atom\bin;D:\r studio\RStudio\bin;C:\Users\sudan\AppData\Roaming\npm;C:\Program Files\JetBrains\PyCharm Community Edition 2022.2.1\bin;;%HOME%\pip\pip.ini;C:\Users\sudan\AppData\Roaming\pip\pip.ini;C:\src\flutter\bin;C:\Program Files\Android\Android Studio1\bin;C:\Program Files\Android\Android Studio\bin;D:\study\vit things\makathon;C:\Users\sudan\Downloads\apache-maven-3.9.5-bin\apache-maven-3.9.5\bin;;."/>
    <property name="java.vm.info" value="mixed mode, sharing"/>
    <property name="java.vendor" value="Oracle Corporation"/>
    <property name="java.vm.version" value="17.0.2+8-LTS-86"/>
    <property name="sun.io.unicode.encoding" value="UnicodeLittle"/>
    <property name="java.class.version" value="61.0"/>
  </properties>
  <testcase name="testLoginWithValidCredentials" classname="LoginTest" time="0.003"/>
  <testcase name="testLoginWithInvalidCredentials" classname="LoginTest" time="0"/>
</testsuite>